<?xml version="1.0" encoding="UTF-8"?>
<!-- Generated by org.testng.reporters.JUnitReportReporter -->
<testsuite hostname="Tanu" failures="0" tests="1" name="com.example.tests.LoginTest" time="0.016" errors="0" timestamp="2024-03-25T18:13:51 IST" skipped="0">
  <testcase classname="com.example.tests.LoginTest" name="testLogin" time="0.016"/>
  <system-out/>
</testsuite> <!-- com.example.tests.LoginTest -->
